<?xml version="1.0" encoding="UTF-8"?>
<testsuite xmlns:xsi="http://www.w3.org/2001/XMLSchema-instance" xsi:noNamespaceSchemaLocation="https://maven.apache.org/surefire/maven-surefire-plugin/xsd/surefire-test-report.xsd" name="edu.ecu.cs.seng6285.restfulbots.RestfulBotsApplicationTests" time="3.94" tests="1" errors="0" skipped="0" failures="0">
  <properties>
[...]
</properties>
  <testcase name="contextLoads" classname="edu.ecu.cs.seng6285.restfulbots.RestfulBotsApplicationTests" time="0.317"/>
</testsuite>